{"/home/rodrigo/development/portal-service/src/config.ts": {"path":"/home/rodrigo/development/portal-service/src/config.ts","statementMap":{"0":{"start":{"line":6,"column":20},"end":{"line":6,"column":null}},"1":{"start":{"line":8,"column":25},"end":{"line":8,"column":null}},"2":{"start":{"line":9,"column":29},"end":{"line":9,"column":null}},"3":{"start":{"line":11,"column":30},"end":{"line":11,"column":null}},"4":{"start":{"line":12,"column":32},"end":{"line":12,"column":null}},"5":{"start":{"line":13,"column":32},"end":{"line":13,"column":null}},"6":{"start":{"line":15,"column":26},"end":{"line":15,"column":null}},"7":{"start":{"line":20,"column":50},"end":{"line":20,"column":null}},"8":{"start":{"line":23,"column":2},"end":{"line":23,"column":null}},"9":{"start":{"line":23,"column":27},"end":{"line":23,"column":null}},"10":{"start":{"line":24,"column":2},"end":{"line":24,"column":null}},"11":{"start":{"line":24,"column":47},"end":{"line":24,"column":null}},"12":{"start":{"line":25,"column":2},"end":{"line":25,"column":null}},"13":{"start":{"line":25,"column":30},"end":{"line":25,"column":null}},"14":{"start":{"line":26,"column":2},"end":{"line":26,"column":null}},"15":{"start":{"line":26,"column":27},"end":{"line":26,"column":null}},"16":{"start":{"line":27,"column":2},"end":{"line":27,"column":null}},"17":{"start":{"line":31,"column":2},"end":{"line":36,"column":null}},"18":{"start":{"line":32,"column":27},"end":{"line":32,"column":null}},"19":{"start":{"line":33,"column":27},"end":{"line":33,"column":null}},"20":{"start":{"line":34,"column":27},"end":{"line":34,"column":null}},"21":{"start":{"line":35,"column":27},"end":{"line":35,"column":null}},"22":{"start":{"line":40,"column":2},"end":{"line":40,"column":null}},"23":{"start":{"line":40,"column":13},"end":{"line":40,"column":null}},"24":{"start":{"line":41,"column":19},"end":{"line":41,"column":null}},"25":{"start":{"line":42,"column":2},"end":{"line":42,"column":null}},"26":{"start":{"line":42,"column":16},"end":{"line":42,"column":null}},"27":{"start":{"line":43,"column":2},"end":{"line":43,"column":null}},"28":{"start":{"line":49,"column":52},"end":{"line":49,"column":null}},"29":{"start":{"line":50,"column":65},"end":{"line":50,"column":null}},"30":{"start":{"line":51,"column":57},"end":{"line":51,"column":null}},"31":{"start":{"line":52,"column":56},"end":{"line":52,"column":null}},"32":{"start":{"line":53,"column":55},"end":{"line":53,"column":null}},"33":{"start":{"line":56,"column":2},"end":{"line":59,"column":null}},"34":{"start":{"line":57,"column":4},"end":{"line":57,"column":null}},"35":{"start":{"line":58,"column":4},"end":{"line":58,"column":null}},"36":{"start":{"line":61,"column":49},"end":{"line":61,"column":null}},"37":{"start":{"line":63,"column":2},"end":{"line":87,"column":null}},"38":{"start":{"line":64,"column":4},"end":{"line":86,"column":null}},"39":{"start":{"line":82,"column":95},"end":{"line":85,"column":8}},"40":{"start":{"line":89,"column":2},"end":{"line":89,"column":null}},"41":{"start":{"line":94,"column":2},"end":{"line":102,"column":null}},"42":{"start":{"line":95,"column":47},"end":{"line":95,"column":74}},"43":{"start":{"line":96,"column":45},"end":{"line":102,"column":6}},"44":{"start":{"line":104,"column":53},"end":{"line":104,"column":null}},"45":{"start":{"line":106,"column":50},"end":{"line":106,"column":null}},"46":{"start":{"line":108,"column":2},"end":{"line":123,"column":null}},"47":{"start":{"line":109,"column":4},"end":{"line":122,"column":null}},"48":{"start":{"line":125,"column":2},"end":{"line":125,"column":null}},"49":{"start":{"line":128,"column":2},"end":{"line":128,"column":null}},"50":{"start":{"line":131,"column":2},"end":{"line":131,"column":null}},"51":{"start":{"line":133,"column":47},"end":{"line":133,"column":null}},"52":{"start":{"line":135,"column":2},"end":{"line":147,"column":null}},"53":{"start":{"line":136,"column":4},"end":{"line":146,"column":null}},"54":{"start":{"line":149,"column":2},"end":{"line":149,"column":null}},"55":{"start":{"line":151,"column":2},"end":{"line":153,"column":null}},"56":{"start":{"line":157,"column":39},"end":{"line":157,"column":null}},"57":{"start":{"line":160,"column":34},"end":{"line":160,"column":null}},"58":{"start":{"line":163,"column":44},"end":{"line":163,"column":null}},"59":{"start":{"line":167,"column":36},"end":{"line":167,"column":null}}},"fnMap":{"0":{"name":"inferProjectType","decl":{"start":{"line":22,"column":9},"end":{"line":22,"column":26}},"loc":{"start":{"line":22,"column":69},"end":{"line":28,"column":null}},"line":22},"1":{"name":"inferDeployTier","decl":{"start":{"line":30,"column":9},"end":{"line":30,"column":25}},"loc":{"start":{"line":30,"column":46},"end":{"line":37,"column":null}},"line":30},"2":{"name":"normalizeRepoUrl","decl":{"start":{"line":39,"column":9},"end":{"line":39,"column":26}},"loc":{"start":{"line":39,"column":47},"end":{"line":44,"column":null}},"line":39},"3":{"name":"initializeRegistry","decl":{"start":{"line":55,"column":16},"end":{"line":55,"column":35}},"loc":{"start":{"line":55,"column":60},"end":{"line":154,"column":null}},"line":55},"4":{"name":"(anonymous_4)","decl":{"start":{"line":82,"column":43},"end":{"line":82,"column":48}},"loc":{"start":{"line":82,"column":95},"end":{"line":85,"column":8}},"line":82},"5":{"name":"(anonymous_5)","decl":{"start":{"line":95,"column":5},"end":{"line":95,"column":13}},"loc":{"start":{"line":95,"column":47},"end":{"line":95,"column":74}},"line":95},"6":{"name":"(anonymous_6)","decl":{"start":{"line":96,"column":5},"end":{"line":96,"column":10}},"loc":{"start":{"line":96,"column":45},"end":{"line":102,"column":6}},"line":96}},"branchMap":{"0":{"loc":{"start":{"line":9,"column":29},"end":{"line":9,"column":null}},"type":"binary-expr","locations":[{"start":{"line":9,"column":29},"end":{"line":9,"column":73}},{"start":{"line":9,"column":73},"end":{"line":9,"column":null}}],"line":9},"1":{"loc":{"start":{"line":15,"column":26},"end":{"line":15,"column":null}},"type":"binary-expr","locations":[{"start":{"line":15,"column":26},"end":{"line":15,"column":52}},{"start":{"line":15,"column":52},"end":{"line":15,"column":null}}],"line":15},"2":{"loc":{"start":{"line":23,"column":2},"end":{"line":23,"column":null}},"type":"if","locations":[{"start":{"line":23,"column":2},"end":{"line":23,"column":null}},{"start":{},"end":{}}],"line":23},"3":{"loc":{"start":{"line":24,"column":2},"end":{"line":24,"column":null}},"type":"if","locations":[{"start":{"line":24,"column":2},"end":{"line":24,"column":null}},{"start":{},"end":{}}],"line":24},"4":{"loc":{"start":{"line":24,"column":6},"end":{"line":24,"column":47}},"type":"binary-expr","locations":[{"start":{"line":24,"column":6},"end":{"line":24,"column":23}},{"start":{"line":24,"column":23},"end":{"line":24,"column":47}}],"line":24},"5":{"loc":{"start":{"line":25,"column":2},"end":{"line":25,"column":null}},"type":"if","locations":[{"start":{"line":25,"column":2},"end":{"line":25,"column":null}},{"start":{},"end":{}}],"line":25},"6":{"loc":{"start":{"line":26,"column":2},"end":{"line":26,"column":null}},"type":"if","locations":[{"start":{"line":26,"column":2},"end":{"line":26,"column":null}},{"start":{},"end":{}}],"line":26},"7":{"loc":{"start":{"line":31,"column":2},"end":{"line":36,"column":null}},"type":"switch","locations":[{"start":{"line":32,"column":4},"end":{"line":32,"column":null}},{"start":{"line":33,"column":4},"end":{"line":33,"column":null}},{"start":{"line":34,"column":4},"end":{"line":34,"column":null}},{"start":{"line":35,"column":4},"end":{"line":35,"column":null}}],"line":31},"8":{"loc":{"start":{"line":40,"column":2},"end":{"line":40,"column":null}},"type":"if","locations":[{"start":{"line":40,"column":2},"end":{"line":40,"column":null}},{"start":{},"end":{}}],"line":40},"9":{"loc":{"start":{"line":42,"column":2},"end":{"line":42,"column":null}},"type":"if","locations":[{"start":{"line":42,"column":2},"end":{"line":42,"column":null}},{"start":{},"end":{}}],"line":42},"10":{"loc":{"start":{"line":56,"column":2},"end":{"line":59,"column":null}},"type":"if","locations":[{"start":{"line":56,"column":2},"end":{"line":59,"column":null}},{"start":{},"end":{}}],"line":56},"11":{"loc":{"start":{"line":56,"column":6},"end":{"line":56,"column":39}},"type":"binary-expr","locations":[{"start":{"line":56,"column":6},"end":{"line":56,"column":19}},{"start":{"line":56,"column":19},"end":{"line":56,"column":39}}],"line":56},"12":{"loc":{"start":{"line":66,"column":11},"end":{"line":66,"column":null}},"type":"binary-expr","locations":[{"start":{"line":66,"column":11},"end":{"line":66,"column":26}},{"start":{"line":66,"column":26},"end":{"line":66,"column":null}}],"line":66},"13":{"loc":{"start":{"line":67,"column":12},"end":{"line":67,"column":null}},"type":"binary-expr","locations":[{"start":{"line":67,"column":12},"end":{"line":67,"column":28}},{"start":{"line":67,"column":28},"end":{"line":67,"column":null}}],"line":67},"14":{"loc":{"start":{"line":68,"column":18},"end":{"line":68,"column":null}},"type":"binary-expr","locations":[{"start":{"line":68,"column":18},"end":{"line":68,"column":40}},{"start":{"line":68,"column":40},"end":{"line":68,"column":null}}],"line":68},"15":{"loc":{"start":{"line":70,"column":18},"end":{"line":70,"column":null}},"type":"binary-expr","locations":[{"start":{"line":70,"column":18},"end":{"line":70,"column":40}},{"start":{"line":70,"column":40},"end":{"line":70,"column":null}}],"line":70},"16":{"loc":{"start":{"line":72,"column":19},"end":{"line":72,"column":null}},"type":"binary-expr","locations":[{"start":{"line":72,"column":19},"end":{"line":72,"column":42}},{"start":{"line":72,"column":42},"end":{"line":72,"column":null}}],"line":72},"17":{"loc":{"start":{"line":73,"column":10},"end":{"line":73,"column":null}},"type":"binary-expr","locations":[{"start":{"line":73,"column":10},"end":{"line":73,"column":24}},{"start":{"line":73,"column":24},"end":{"line":73,"column":null}}],"line":73},"18":{"loc":{"start":{"line":74,"column":19},"end":{"line":74,"column":null}},"type":"binary-expr","locations":[{"start":{"line":74,"column":19},"end":{"line":74,"column":42}},{"start":{"line":74,"column":42},"end":{"line":74,"column":null}}],"line":74},"19":{"loc":{"start":{"line":75,"column":29},"end":{"line":75,"column":49}},"type":"binary-expr","locations":[{"start":{"line":75,"column":29},"end":{"line":75,"column":45}},{"start":{"line":75,"column":45},"end":{"line":75,"column":49}}],"line":75},"20":{"loc":{"start":{"line":76,"column":18},"end":{"line":76,"column":null}},"type":"binary-expr","locations":[{"start":{"line":76,"column":18},"end":{"line":76,"column":40}},{"start":{"line":76,"column":40},"end":{"line":76,"column":null}}],"line":76},"21":{"loc":{"start":{"line":77,"column":14},"end":{"line":77,"column":null}},"type":"binary-expr","locations":[{"start":{"line":77,"column":14},"end":{"line":77,"column":32}},{"start":{"line":77,"column":32},"end":{"line":77,"column":null}}],"line":77},"22":{"loc":{"start":{"line":78,"column":14},"end":{"line":78,"column":null}},"type":"binary-expr","locations":[{"start":{"line":78,"column":14},"end":{"line":78,"column":32}},{"start":{"line":78,"column":32},"end":{"line":78,"column":null}}],"line":78},"23":{"loc":{"start":{"line":79,"column":21},"end":{"line":79,"column":null}},"type":"binary-expr","locations":[{"start":{"line":79,"column":21},"end":{"line":79,"column":46}},{"start":{"line":79,"column":46},"end":{"line":79,"column":null}}],"line":79},"24":{"loc":{"start":{"line":80,"column":18},"end":{"line":80,"column":null}},"type":"binary-expr","locations":[{"start":{"line":80,"column":18},"end":{"line":80,"column":40}},{"start":{"line":80,"column":40},"end":{"line":80,"column":null}}],"line":80},"25":{"loc":{"start":{"line":81,"column":17},"end":{"line":81,"column":null}},"type":"binary-expr","locations":[{"start":{"line":81,"column":17},"end":{"line":81,"column":38}},{"start":{"line":81,"column":38},"end":{"line":81,"column":null}}],"line":81},"26":{"loc":{"start":{"line":82,"column":18},"end":{"line":82,"column":43}},"type":"binary-expr","locations":[{"start":{"line":82,"column":18},"end":{"line":82,"column":39}},{"start":{"line":82,"column":39},"end":{"line":82,"column":43}}],"line":82},"27":{"loc":{"start":{"line":84,"column":21},"end":{"line":84,"column":null}},"type":"binary-expr","locations":[{"start":{"line":84,"column":21},"end":{"line":84,"column":40}},{"start":{"line":84,"column":40},"end":{"line":84,"column":null}}],"line":84},"28":{"loc":{"start":{"line":94,"column":26},"end":{"line":94,"column":null}},"type":"binary-expr","locations":[{"start":{"line":94,"column":26},"end":{"line":94,"column":47}},{"start":{"line":94,"column":47},"end":{"line":94,"column":null}}],"line":94},"29":{"loc":{"start":{"line":99,"column":21},"end":{"line":99,"column":null}},"type":"binary-expr","locations":[{"start":{"line":99,"column":21},"end":{"line":99,"column":55}},{"start":{"line":99,"column":55},"end":{"line":99,"column":null}}],"line":99},"30":{"loc":{"start":{"line":101,"column":14},"end":{"line":101,"column":null}},"type":"binary-expr","locations":[{"start":{"line":101,"column":14},"end":{"line":101,"column":32}},{"start":{"line":101,"column":32},"end":{"line":101,"column":null}}],"line":101},"31":{"loc":{"start":{"line":108,"column":21},"end":{"line":108,"column":52}},"type":"binary-expr","locations":[{"start":{"line":108,"column":21},"end":{"line":108,"column":48}},{"start":{"line":108,"column":48},"end":{"line":108,"column":52}}],"line":108},"32":{"loc":{"start":{"line":112,"column":19},"end":{"line":112,"column":null}},"type":"binary-expr","locations":[{"start":{"line":112,"column":19},"end":{"line":112,"column":49}},{"start":{"line":112,"column":49},"end":{"line":112,"column":null}}],"line":112},"33":{"loc":{"start":{"line":113,"column":11},"end":{"line":113,"column":null}},"type":"binary-expr","locations":[{"start":{"line":113,"column":11},"end":{"line":113,"column":23}},{"start":{"line":113,"column":23},"end":{"line":113,"column":null}}],"line":113},"34":{"loc":{"start":{"line":114,"column":12},"end":{"line":114,"column":null}},"type":"binary-expr","locations":[{"start":{"line":114,"column":12},"end":{"line":114,"column":32}},{"start":{"line":114,"column":32},"end":{"line":114,"column":null}}],"line":114},"35":{"loc":{"start":{"line":115,"column":18},"end":{"line":115,"column":null}},"type":"binary-expr","locations":[{"start":{"line":115,"column":18},"end":{"line":115,"column":37}},{"start":{"line":115,"column":37},"end":{"line":115,"column":null}}],"line":115},"36":{"loc":{"start":{"line":118,"column":14},"end":{"line":118,"column":null}},"type":"binary-expr","locations":[{"start":{"line":118,"column":14},"end":{"line":118,"column":29}},{"start":{"line":118,"column":29},"end":{"line":118,"column":null}}],"line":118},"37":{"loc":{"start":{"line":119,"column":14},"end":{"line":119,"column":null}},"type":"binary-expr","locations":[{"start":{"line":119,"column":14},"end":{"line":119,"column":29}},{"start":{"line":119,"column":29},"end":{"line":119,"column":null}}],"line":119},"38":{"loc":{"start":{"line":120,"column":18},"end":{"line":120,"column":null}},"type":"binary-expr","locations":[{"start":{"line":120,"column":18},"end":{"line":120,"column":37}},{"start":{"line":120,"column":37},"end":{"line":120,"column":null}}],"line":120},"39":{"loc":{"start":{"line":128,"column":24},"end":{"line":128,"column":null}},"type":"binary-expr","locations":[{"start":{"line":128,"column":24},"end":{"line":128,"column":54}},{"start":{"line":128,"column":54},"end":{"line":128,"column":null}}],"line":128},"40":{"loc":{"start":{"line":131,"column":23},"end":{"line":131,"column":null}},"type":"binary-expr","locations":[{"start":{"line":131,"column":23},"end":{"line":131,"column":52}},{"start":{"line":131,"column":52},"end":{"line":131,"column":null}}],"line":131},"41":{"loc":{"start":{"line":135,"column":20},"end":{"line":135,"column":44}},"type":"binary-expr","locations":[{"start":{"line":135,"column":20},"end":{"line":135,"column":40}},{"start":{"line":135,"column":40},"end":{"line":135,"column":44}}],"line":135},"42":{"loc":{"start":{"line":139,"column":16},"end":{"line":139,"column":null}},"type":"binary-expr","locations":[{"start":{"line":139,"column":16},"end":{"line":139,"column":32}},{"start":{"line":139,"column":32},"end":{"line":139,"column":null}}],"line":139},"43":{"loc":{"start":{"line":140,"column":10},"end":{"line":140,"column":null}},"type":"binary-expr","locations":[{"start":{"line":140,"column":10},"end":{"line":140,"column":20}},{"start":{"line":140,"column":20},"end":{"line":140,"column":null}}],"line":140},"44":{"loc":{"start":{"line":141,"column":16},"end":{"line":141,"column":null}},"type":"binary-expr","locations":[{"start":{"line":141,"column":16},"end":{"line":141,"column":32}},{"start":{"line":141,"column":32},"end":{"line":141,"column":null}}],"line":141},"45":{"loc":{"start":{"line":142,"column":17},"end":{"line":142,"column":null}},"type":"binary-expr","locations":[{"start":{"line":142,"column":17},"end":{"line":142,"column":34}},{"start":{"line":142,"column":34},"end":{"line":142,"column":null}}],"line":142},"46":{"loc":{"start":{"line":143,"column":17},"end":{"line":143,"column":null}},"type":"binary-expr","locations":[{"start":{"line":143,"column":17},"end":{"line":143,"column":34}},{"start":{"line":143,"column":34},"end":{"line":143,"column":null}}],"line":143},"47":{"loc":{"start":{"line":144,"column":13},"end":{"line":144,"column":null}},"type":"binary-expr","locations":[{"start":{"line":144,"column":13},"end":{"line":144,"column":26}},{"start":{"line":144,"column":26},"end":{"line":144,"column":null}}],"line":144},"48":{"loc":{"start":{"line":145,"column":13},"end":{"line":145,"column":null}},"type":"binary-expr","locations":[{"start":{"line":145,"column":13},"end":{"line":145,"column":26}},{"start":{"line":145,"column":26},"end":{"line":145,"column":null}}],"line":145}},"s":{"0":3,"1":3,"2":3,"3":3,"4":3,"5":3,"6":3,"7":3,"8":0,"9":0,"10":0,"11":0,"12":0,"13":0,"14":0,"15":0,"16":0,"17":0,"18":0,"19":0,"20":0,"21":0,"22":0,"23":0,"24":0,"25":0,"26":0,"27":0,"28":3,"29":3,"30":3,"31":3,"32":3,"33":0,"34":0,"35":0,"36":0,"37":0,"38":0,"39":0,"40":0,"41":0,"42":0,"43":0,"44":0,"45":0,"46":0,"47":0,"48":0,"49":0,"50":0,"51":0,"52":0,"53":0,"54":0,"55":0,"56":3,"57":3,"58":3,"59":3},"f":{"0":0,"1":0,"2":0,"3":0,"4":0,"5":0,"6":0},"b":{"0":[3,3],"1":[3,3],"2":[0,0],"3":[0,0],"4":[0,0],"5":[0,0],"6":[0,0],"7":[0,0,0,0],"8":[0,0],"9":[0,0],"10":[0,0],"11":[0,0],"12":[0,0],"13":[0,0],"14":[0,0],"15":[0,0],"16":[0,0],"17":[0,0],"18":[0,0],"19":[0,0],"20":[0,0],"21":[0,0],"22":[0,0],"23":[0,0],"24":[0,0],"25":[0,0],"26":[0,0],"27":[0,0],"28":[0,0],"29":[0,0],"30":[0,0],"31":[0,0],"32":[0,0],"33":[0,0],"34":[0,0],"35":[0,0],"36":[0,0],"37":[0,0],"38":[0,0],"39":[0,0],"40":[0,0],"41":[0,0],"42":[0,0],"43":[0,0],"44":[0,0],"45":[0,0],"46":[0,0],"47":[0,0],"48":[0,0]},"meta":{"lastBranch":49,"lastFunction":7,"lastStatement":60,"seen":{"s:6:20:6:Infinity":0,"s:8:25:8:Infinity":1,"s:9:29:9:Infinity":2,"b:9:29:9:73:9:73:9:Infinity":0,"s:11:30:11:Infinity":3,"s:12:32:12:Infinity":4,"s:13:32:13:Infinity":5,"s:15:26:15:Infinity":6,"b:15:26:15:52:15:52:15:Infinity":1,"s:20:50:20:Infinity":7,"f:22:9:22:26":0,"b:23:2:23:Infinity:undefined:undefined:undefined:undefined":2,"s:23:2:23:Infinity":8,"s:23:27:23:Infinity":9,"b:24:2:24:Infinity:undefined:undefined:undefined:undefined":3,"s:24:2:24:Infinity":10,"b:24:6:24:23:24:23:24:47":4,"s:24:47:24:Infinity":11,"b:25:2:25:Infinity:undefined:undefined:undefined:undefined":5,"s:25:2:25:Infinity":12,"s:25:30:25:Infinity":13,"b:26:2:26:Infinity:undefined:undefined:undefined:undefined":6,"s:26:2:26:Infinity":14,"s:26:27:26:Infinity":15,"s:27:2:27:Infinity":16,"f:30:9:30:25":1,"b:32:4:32:Infinity:33:4:33:Infinity:34:4:34:Infinity:35:4:35:Infinity":7,"s:31:2:36:Infinity":17,"s:32:27:32:Infinity":18,"s:33:27:33:Infinity":19,"s:34:27:34:Infinity":20,"s:35:27:35:Infinity":21,"f:39:9:39:26":2,"b:40:2:40:Infinity:undefined:undefined:undefined:undefined":8,"s:40:2:40:Infinity":22,"s:40:13:40:Infinity":23,"s:41:19:41:Infinity":24,"b:42:2:42:Infinity:undefined:undefined:undefined:undefined":9,"s:42:2:42:Infinity":25,"s:42:16:42:Infinity":26,"s:43:2:43:Infinity":27,"s:49:52:49:Infinity":28,"s:50:65:50:Infinity":29,"s:51:57:51:Infinity":30,"s:52:56:52:Infinity":31,"s:53:55:53:Infinity":32,"f:55:16:55:35":3,"b:56:2:59:Infinity:undefined:undefined:undefined:undefined":10,"s:56:2:59:Infinity":33,"b:56:6:56:19:56:19:56:39":11,"s:57:4:57:Infinity":34,"s:58:4:58:Infinity":35,"s:61:49:61:Infinity":36,"s:63:2:87:Infinity":37,"s:64:4:86:Infinity":38,"b:66:11:66:26:66:26:66:Infinity":12,"b:67:12:67:28:67:28:67:Infinity":13,"b:68:18:68:40:68:40:68:Infinity":14,"b:70:18:70:40:70:40:70:Infinity":15,"b:72:19:72:42:72:42:72:Infinity":16,"b:73:10:73:24:73:24:73:Infinity":17,"b:74:19:74:42:74:42:74:Infinity":18,"b:75:29:75:45:75:45:75:49":19,"b:76:18:76:40:76:40:76:Infinity":20,"b:77:14:77:32:77:32:77:Infinity":21,"b:78:14:78:32:78:32:78:Infinity":22,"b:79:21:79:46:79:46:79:Infinity":23,"b:80:18:80:40:80:40:80:Infinity":24,"b:81:17:81:38:81:38:81:Infinity":25,"b:82:18:82:39:82:39:82:43":26,"f:82:43:82:48":4,"s:82:95:85:8":39,"b:84:21:84:40:84:40:84:Infinity":27,"s:89:2:89:Infinity":40,"s:94:2:102:Infinity":41,"b:94:26:94:47:94:47:94:Infinity":28,"f:95:5:95:13":5,"s:95:47:95:74":42,"f:96:5:96:10":6,"s:96:45:102:6":43,"b:99:21:99:55:99:55:99:Infinity":29,"b:101:14:101:32:101:32:101:Infinity":30,"s:104:53:104:Infinity":44,"s:106:50:106:Infinity":45,"s:108:2:123:Infinity":46,"b:108:21:108:48:108:48:108:52":31,"s:109:4:122:Infinity":47,"b:112:19:112:49:112:49:112:Infinity":32,"b:113:11:113:23:113:23:113:Infinity":33,"b:114:12:114:32:114:32:114:Infinity":34,"b:115:18:115:37:115:37:115:Infinity":35,"b:118:14:118:29:118:29:118:Infinity":36,"b:119:14:119:29:119:29:119:Infinity":37,"b:120:18:120:37:120:37:120:Infinity":38,"s:125:2:125:Infinity":48,"s:128:2:128:Infinity":49,"b:128:24:128:54:128:54:128:Infinity":39,"s:131:2:131:Infinity":50,"b:131:23:131:52:131:52:131:Infinity":40,"s:133:47:133:Infinity":51,"s:135:2:147:Infinity":52,"b:135:20:135:40:135:40:135:44":41,"s:136:4:146:Infinity":53,"b:139:16:139:32:139:32:139:Infinity":42,"b:140:10:140:20:140:20:140:Infinity":43,"b:141:16:141:32:141:32:141:Infinity":44,"b:142:17:142:34:142:34:142:Infinity":45,"b:143:17:143:34:143:34:143:Infinity":46,"b:144:13:144:26:144:26:144:Infinity":47,"b:145:13:145:26:145:26:145:Infinity":48,"s:149:2:149:Infinity":54,"s:151:2:153:Infinity":55,"s:157:39:157:Infinity":56,"s:160:34:160:Infinity":57,"s:163:44:163:Infinity":58,"s:167:36:167:Infinity":59},"fnNames":{}}}
,"/home/rodrigo/development/portal-service/src/constants.ts": {"path":"/home/rodrigo/development/portal-service/src/constants.ts","statementMap":{"0":{"start":{"line":3,"column":27},"end":{"line":6,"column":null}}},"fnMap":{},"branchMap":{},"s":{"0":1},"f":{},"b":{},"meta":{"lastBranch":0,"lastFunction":0,"lastStatement":1,"seen":{"s:3:27:6:Infinity":0},"fnNames":{}}}
,"/home/rodrigo/development/portal-service/src/routes/helpers/ServiceDependencyEnricher.ts": {"path":"/home/rodrigo/development/portal-service/src/routes/helpers/ServiceDependencyEnricher.ts","statementMap":{"0":{"start":{"line":8,"column":25},"end":{"line":8,"column":null}},"1":{"start":{"line":17,"column":31},"end":{"line":19,"column":null}},"2":{"start":{"line":18,"column":41},"end":{"line":18,"column":77}},"3":{"start":{"line":21,"column":10},"end":{"line":22,"column":null}},"4":{"start":{"line":22,"column":6},"end":{"line":22,"column":null}},"5":{"start":{"line":24,"column":10},"end":{"line":26,"column":null}},"6":{"start":{"line":26,"column":10},"end":{"line":26,"column":null}},"7":{"start":{"line":28,"column":73},"end":{"line":28,"column":null}},"8":{"start":{"line":30,"column":4},"end":{"line":42,"column":null}},"9":{"start":{"line":31,"column":6},"end":{"line":41,"column":null}},"10":{"start":{"line":32,"column":29},"end":{"line":32,"column":null}},"11":{"start":{"line":33,"column":8},"end":{"line":35,"column":null}},"12":{"start":{"line":34,"column":10},"end":{"line":34,"column":null}},"13":{"start":{"line":36,"column":8},"end":{"line":40,"column":null}},"14":{"start":{"line":44,"column":4},"end":{"line":54,"column":null}},"15":{"start":{"line":45,"column":6},"end":{"line":52,"column":null}},"16":{"start":{"line":46,"column":29},"end":{"line":46,"column":null}},"17":{"start":{"line":47,"column":8},"end":{"line":51,"column":null}},"18":{"start":{"line":53,"column":6},"end":{"line":53,"column":null}},"19":{"start":{"line":56,"column":4},"end":{"line":56,"column":null}}},"fnMap":{"0":{"name":"enrich","decl":{"start":{"line":4,"column":16},"end":{"line":4,"column":null}},"loc":{"start":{"line":7,"column":80},"end":{"line":57,"column":null}},"line":7},"1":{"name":"(anonymous_1)","decl":{"start":{"line":18,"column":19},"end":{"line":18,"column":24}},"loc":{"start":{"line":18,"column":41},"end":{"line":18,"column":77}},"line":18},"2":{"name":"(anonymous_2)","decl":{"start":{"line":21,"column":10},"end":{"line":21,"column":29}},"loc":{"start":{"line":22,"column":6},"end":{"line":22,"column":null}},"line":22},"3":{"name":"(anonymous_3)","decl":{"start":{"line":24,"column":10},"end":{"line":24,"column":null}},"loc":{"start":{"line":26,"column":10},"end":{"line":26,"column":null}},"line":26},"4":{"name":"(anonymous_4)","decl":{"start":{"line":45,"column":60},"end":{"line":45,"column":65}},"loc":{"start":{"line":45,"column":80},"end":{"line":52,"column":7}},"line":45}},"branchMap":{"0":{"loc":{"start":{"line":22,"column":6},"end":{"line":22,"column":null}},"type":"cond-expr","locations":[{"start":{"line":22,"column":39},"end":{"line":22,"column":52}},{"start":{"line":22,"column":52},"end":{"line":22,"column":null}}],"line":22},"1":{"loc":{"start":{"line":26,"column":10},"end":{"line":26,"column":null}},"type":"cond-expr","locations":[{"start":{"line":26,"column":43},"end":{"line":26,"column":56}},{"start":{"line":26,"column":56},"end":{"line":26,"column":null}}],"line":26},"2":{"loc":{"start":{"line":26,"column":56},"end":{"line":26,"column":null}},"type":"binary-expr","locations":[{"start":{"line":26,"column":56},"end":{"line":26,"column":82}},{"start":{"line":26,"column":82},"end":{"line":26,"column":null}}],"line":26},"3":{"loc":{"start":{"line":31,"column":31},"end":{"line":31,"column":60}},"type":"binary-expr","locations":[{"start":{"line":31,"column":31},"end":{"line":31,"column":56}},{"start":{"line":31,"column":56},"end":{"line":31,"column":60}}],"line":31},"4":{"loc":{"start":{"line":33,"column":8},"end":{"line":35,"column":null}},"type":"if","locations":[{"start":{"line":33,"column":8},"end":{"line":35,"column":null}},{"start":{},"end":{}}],"line":33},"5":{"loc":{"start":{"line":45,"column":31},"end":{"line":45,"column":60}},"type":"binary-expr","locations":[{"start":{"line":45,"column":31},"end":{"line":45,"column":56}},{"start":{"line":45,"column":56},"end":{"line":45,"column":60}}],"line":45},"6":{"loc":{"start":{"line":49,"column":16},"end":{"line":49,"column":null}},"type":"binary-expr","locations":[{"start":{"line":49,"column":16},"end":{"line":49,"column":52}},{"start":{"line":49,"column":52},"end":{"line":49,"column":null}}],"line":49},"7":{"loc":{"start":{"line":53,"column":33},"end":{"line":53,"column":null}},"type":"binary-expr","locations":[{"start":{"line":53,"column":33},"end":{"line":53,"column":75}},{"start":{"line":53,"column":75},"end":{"line":53,"column":null}}],"line":53}},"s":{"0":2,"1":2,"2":4,"3":2,"4":6,"5":2,"6":6,"7":2,"8":2,"9":4,"10":3,"11":3,"12":2,"13":3,"14":2,"15":4,"16":3,"17":3,"18":4,"19":2},"f":{"0":1,"1":4,"2":6,"3":6,"4":3},"b":{"0":[2,4],"1":[2,4],"2":[4,0],"3":[4,2],"4":[2,1],"5":[4,2],"6":[3,0],"7":[4,2]},"meta":{"lastBranch":8,"lastFunction":5,"lastStatement":20,"seen":{"f:4:16:4:Infinity":0,"s:8:25:8:Infinity":0,"s:17:31:19:Infinity":1,"f:18:19:18:24":1,"s:18:41:18:77":2,"s:21:10:22:Infinity":3,"f:21:10:21:29":2,"s:22:6:22:Infinity":4,"b:22:39:22:52:22:52:22:Infinity":0,"s:24:10:26:Infinity":5,"f:24:10:24:Infinity":3,"s:26:10:26:Infinity":6,"b:26:43:26:56:26:56:26:Infinity":1,"b:26:56:26:82:26:82:26:Infinity":2,"s:28:73:28:Infinity":7,"s:30:4:42:Infinity":8,"s:31:6:41:Infinity":9,"b:31:31:31:56:31:56:31:60":3,"s:32:29:32:Infinity":10,"b:33:8:35:Infinity:undefined:undefined:undefined:undefined":4,"s:33:8:35:Infinity":11,"s:34:10:34:Infinity":12,"s:36:8:40:Infinity":13,"s:44:4:54:Infinity":14,"s:45:6:52:Infinity":15,"b:45:31:45:56:45:56:45:60":5,"f:45:60:45:65":4,"s:46:29:46:Infinity":16,"s:47:8:51:Infinity":17,"b:49:16:49:52:49:52:49:Infinity":6,"s:53:6:53:Infinity":18,"b:53:33:53:75:53:75:53:Infinity":7,"s:56:4:56:Infinity":19},"fnNames":{}}}
,"/home/rodrigo/development/portal-service/src/services/code-analysis/EcosystemResolver.ts": {"path":"/home/rodrigo/development/portal-service/src/services/code-analysis/EcosystemResolver.ts","statementMap":{"0":{"start":{"line":12,"column":19},"end":{"line":12,"column":null}},"1":{"start":{"line":13,"column":26},"end":{"line":13,"column":null}},"2":{"start":{"line":14,"column":26},"end":{"line":14,"column":null}},"3":{"start":{"line":16,"column":4},"end":{"line":25,"column":null}},"4":{"start":{"line":17,"column":6},"end":{"line":17,"column":null}},"5":{"start":{"line":17,"column":30},"end":{"line":17,"column":null}},"6":{"start":{"line":18,"column":30},"end":{"line":18,"column":null}},"7":{"start":{"line":19,"column":6},"end":{"line":24,"column":null}},"8":{"start":{"line":20,"column":32},"end":{"line":20,"column":null}},"9":{"start":{"line":21,"column":8},"end":{"line":21,"column":null}},"10":{"start":{"line":22,"column":8},"end":{"line":22,"column":null}},"11":{"start":{"line":23,"column":8},"end":{"line":23,"column":null}},"12":{"start":{"line":27,"column":4},"end":{"line":31,"column":null}},"13":{"start":{"line":28,"column":6},"end":{"line":30,"column":null}},"14":{"start":{"line":33,"column":4},"end":{"line":33,"column":null}},"15":{"start":{"line":41,"column":4},"end":{"line":45,"column":null}},"16":{"start":{"line":42,"column":6},"end":{"line":44,"column":null}},"17":{"start":{"line":43,"column":8},"end":{"line":43,"column":null}},"18":{"start":{"line":47,"column":4},"end":{"line":59,"column":null}},"19":{"start":{"line":48,"column":31},"end":{"line":48,"column":null}},"20":{"start":{"line":49,"column":6},"end":{"line":51,"column":null}},"21":{"start":{"line":50,"column":8},"end":{"line":50,"column":null}},"22":{"start":{"line":53,"column":31},"end":{"line":55,"column":null}},"23":{"start":{"line":56,"column":6},"end":{"line":58,"column":null}},"24":{"start":{"line":57,"column":8},"end":{"line":57,"column":null}},"25":{"start":{"line":61,"column":31},"end":{"line":61,"column":null}},"26":{"start":{"line":62,"column":4},"end":{"line":64,"column":null}},"27":{"start":{"line":63,"column":6},"end":{"line":63,"column":null}},"28":{"start":{"line":66,"column":4},"end":{"line":66,"column":null}}},"fnMap":{"0":{"name":"deriveEcosystemOwners","decl":{"start":{"line":11,"column":16},"end":{"line":11,"column":57}},"loc":{"start":{"line":11,"column":57},"end":{"line":34,"column":null}},"line":11},"1":{"name":"resolveEcosystemId","decl":{"start":{"line":36,"column":16},"end":{"line":36,"column":null}},"loc":{"start":{"line":40,"column":19},"end":{"line":67,"column":null}},"line":40}},"branchMap":{"0":{"loc":{"start":{"line":17,"column":6},"end":{"line":17,"column":null}},"type":"if","locations":[{"start":{"line":17,"column":6},"end":{"line":17,"column":null}},{"start":{},"end":{}}],"line":17},"1":{"loc":{"start":{"line":19,"column":6},"end":{"line":24,"column":null}},"type":"if","locations":[{"start":{"line":19,"column":6},"end":{"line":24,"column":null}},{"start":{},"end":{}}],"line":19},"2":{"loc":{"start":{"line":27,"column":4},"end":{"line":31,"column":null}},"type":"if","locations":[{"start":{"line":27,"column":4},"end":{"line":31,"column":null}},{"start":{},"end":{}}],"line":27},"3":{"loc":{"start":{"line":42,"column":6},"end":{"line":44,"column":null}},"type":"if","locations":[{"start":{"line":42,"column":6},"end":{"line":44,"column":null}},{"start":{},"end":{}}],"line":42},"4":{"loc":{"start":{"line":49,"column":6},"end":{"line":51,"column":null}},"type":"if","locations":[{"start":{"line":49,"column":6},"end":{"line":51,"column":null}},{"start":{},"end":{}}],"line":49},"5":{"loc":{"start":{"line":56,"column":6},"end":{"line":58,"column":null}},"type":"if","locations":[{"start":{"line":56,"column":6},"end":{"line":58,"column":null}},{"start":{},"end":{}}],"line":56},"6":{"loc":{"start":{"line":62,"column":4},"end":{"line":64,"column":null}},"type":"if","locations":[{"start":{"line":62,"column":4},"end":{"line":64,"column":null}},{"start":{},"end":{}}],"line":62}},"s":{"0":1,"1":1,"2":1,"3":1,"4":2,"5":0,"6":2,"7":2,"8":2,"9":2,"10":2,"11":2,"12":1,"13":0,"14":1,"15":5,"16":5,"17":1,"18":4,"19":4,"20":4,"21":1,"22":3,"23":3,"24":1,"25":2,"26":2,"27":1,"28":1},"f":{"0":1,"1":1},"b":{"0":[0,2],"1":[2,0],"2":[0,1],"3":[1,4],"4":[1,3],"5":[1,2],"6":[1,1]},"meta":{"lastBranch":7,"lastFunction":2,"lastStatement":29,"seen":{"f:11:16:11:57":0,"s:12:19:12:Infinity":0,"s:13:26:13:Infinity":1,"s:14:26:14:Infinity":2,"s:16:4:25:Infinity":3,"b:17:6:17:Infinity:undefined:undefined:undefined:undefined":0,"s:17:6:17:Infinity":4,"s:17:30:17:Infinity":5,"s:18:30:18:Infinity":6,"b:19:6:24:Infinity:undefined:undefined:undefined:undefined":1,"s:19:6:24:Infinity":7,"s:20:32:20:Infinity":8,"s:21:8:21:Infinity":9,"s:22:8:22:Infinity":10,"s:23:8:23:Infinity":11,"b:27:4:31:Infinity:undefined:undefined:undefined:undefined":2,"s:27:4:31:Infinity":12,"s:28:6:30:Infinity":13,"s:33:4:33:Infinity":14,"f:36:16:36:Infinity":1,"s:41:4:45:Infinity":15,"b:42:6:44:Infinity:undefined:undefined:undefined:undefined":3,"s:42:6:44:Infinity":16,"s:43:8:43:Infinity":17,"s:47:4:59:Infinity":18,"s:48:31:48:Infinity":19,"b:49:6:51:Infinity:undefined:undefined:undefined:undefined":4,"s:49:6:51:Infinity":20,"s:50:8:50:Infinity":21,"s:53:31:55:Infinity":22,"b:56:6:58:Infinity:undefined:undefined:undefined:undefined":5,"s:56:6:58:Infinity":23,"s:57:8:57:Infinity":24,"s:61:31:61:Infinity":25,"b:62:4:64:Infinity:undefined:undefined:undefined:undefined":6,"s:62:4:64:Infinity":26,"s:63:6:63:Infinity":27,"s:66:4:66:Infinity":28},"fnNames":{}}}
,"/home/rodrigo/development/portal-service/src/services/docker/DockerStatsParser.ts": {"path":"/home/rodrigo/development/portal-service/src/services/docker/DockerStatsParser.ts","statementMap":{"0":{"start":{"line":8,"column":10},"end":{"line":10,"column":null}},"1":{"start":{"line":11,"column":30},"end":{"line":11,"column":null}},"2":{"start":{"line":13,"column":10},"end":{"line":20,"column":null}},"3":{"start":{"line":15,"column":51},"end":{"line":20,"column":6}},"4":{"start":{"line":22,"column":10},"end":{"line":31,"column":null}},"5":{"start":{"line":24,"column":52},"end":{"line":31,"column":6}},"6":{"start":{"line":33,"column":26},"end":{"line":33,"column":null}},"7":{"start":{"line":35,"column":4},"end":{"line":73,"column":null}},"8":{"start":{"line":82,"column":24},"end":{"line":82,"column":null}},"9":{"start":{"line":83,"column":24},"end":{"line":83,"column":null}},"10":{"start":{"line":85,"column":29},"end":{"line":85,"column":null}},"11":{"start":{"line":86,"column":32},"end":{"line":86,"column":null}},"12":{"start":{"line":88,"column":7},"end":{"line":90,"column":null}},"13":{"start":{"line":92,"column":29},"end":{"line":92,"column":null}},"14":{"start":{"line":93,"column":4},"end":{"line":99,"column":null}},"15":{"start":{"line":94,"column":23},"end":{"line":94,"column":null}},"16":{"start":{"line":95,"column":26},"end":{"line":95,"column":null}},"17":{"start":{"line":96,"column":6},"end":{"line":98,"column":null}},"18":{"start":{"line":97,"column":8},"end":{"line":97,"column":null}},"19":{"start":{"line":101,"column":27},"end":{"line":101,"column":null}},"20":{"start":{"line":102,"column":34},"end":{"line":102,"column":null}},"21":{"start":{"line":104,"column":28},"end":{"line":104,"column":null}},"22":{"start":{"line":106,"column":7},"end":{"line":108,"column":null}},"23":{"start":{"line":109,"column":29},"end":{"line":109,"column":null}},"24":{"start":{"line":110,"column":28},"end":{"line":110,"column":null}},"25":{"start":{"line":111,"column":30},"end":{"line":111,"column":null}},"26":{"start":{"line":113,"column":16},"end":{"line":113,"column":null}},"27":{"start":{"line":114,"column":16},"end":{"line":114,"column":null}},"28":{"start":{"line":115,"column":23},"end":{"line":115,"column":null}},"29":{"start":{"line":116,"column":23},"end":{"line":116,"column":null}},"30":{"start":{"line":117,"column":23},"end":{"line":117,"column":null}},"31":{"start":{"line":118,"column":23},"end":{"line":118,"column":null}},"32":{"start":{"line":119,"column":22},"end":{"line":119,"column":null}},"33":{"start":{"line":120,"column":22},"end":{"line":120,"column":null}},"34":{"start":{"line":121,"column":75},"end":{"line":121,"column":null}},"35":{"start":{"line":123,"column":25},"end":{"line":123,"column":null}},"36":{"start":{"line":124,"column":4},"end":{"line":155,"column":null}},"37":{"start":{"line":125,"column":6},"end":{"line":154,"column":null}},"38":{"start":{"line":126,"column":24},"end":{"line":126,"column":null}},"39":{"start":{"line":127,"column":24},"end":{"line":127,"column":null}},"40":{"start":{"line":128,"column":26},"end":{"line":128,"column":null}},"41":{"start":{"line":129,"column":26},"end":{"line":129,"column":null}},"42":{"start":{"line":130,"column":26},"end":{"line":130,"column":null}},"43":{"start":{"line":131,"column":26},"end":{"line":131,"column":null}},"44":{"start":{"line":132,"column":25},"end":{"line":132,"column":null}},"45":{"start":{"line":133,"column":25},"end":{"line":133,"column":null}},"46":{"start":{"line":135,"column":8},"end":{"line":135,"column":null}},"47":{"start":{"line":136,"column":8},"end":{"line":136,"column":null}},"48":{"start":{"line":137,"column":8},"end":{"line":137,"column":null}},"49":{"start":{"line":138,"column":8},"end":{"line":138,"column":null}},"50":{"start":{"line":139,"column":8},"end":{"line":139,"column":null}},"51":{"start":{"line":140,"column":8},"end":{"line":140,"column":null}},"52":{"start":{"line":141,"column":8},"end":{"line":141,"column":null}},"53":{"start":{"line":142,"column":8},"end":{"line":142,"column":null}},"54":{"start":{"line":144,"column":8},"end":{"line":153,"column":null}},"55":{"start":{"line":157,"column":25},"end":{"line":157,"column":null}},"56":{"start":{"line":158,"column":26},"end":{"line":158,"column":null}},"57":{"start":{"line":159,"column":28},"end":{"line":159,"column":null}},"58":{"start":{"line":160,"column":30},"end":{"line":160,"column":null}},"59":{"start":{"line":164,"column":4},"end":{"line":173,"column":null}},"60":{"start":{"line":165,"column":6},"end":{"line":172,"column":null}},"61":{"start":{"line":166,"column":8},"end":{"line":168,"column":null}},"62":{"start":{"line":167,"column":10},"end":{"line":167,"column":null}},"63":{"start":{"line":169,"column":8},"end":{"line":171,"column":null}},"64":{"start":{"line":170,"column":10},"end":{"line":170,"column":null}},"65":{"start":{"line":175,"column":25},"end":{"line":175,"column":null}},"66":{"start":{"line":176,"column":23},"end":{"line":176,"column":null}},"67":{"start":{"line":178,"column":32},"end":{"line":187,"column":null}},"68":{"start":{"line":189,"column":30},"end":{"line":189,"column":null}},"69":{"start":{"line":190,"column":32},"end":{"line":194,"column":null}},"70":{"start":{"line":196,"column":30},"end":{"line":196,"column":null}},"71":{"start":{"line":197,"column":10},"end":{"line":204,"column":null}},"72":{"start":{"line":199,"column":51},"end":{"line":204,"column":6}},"73":{"start":{"line":206,"column":10},"end":{"line":215,"column":null}},"74":{"start":{"line":208,"column":52},"end":{"line":215,"column":6}},"75":{"start":{"line":217,"column":26},"end":{"line":217,"column":null}},"76":{"start":{"line":218,"column":10},"end":{"line":220,"column":null}},"77":{"start":{"line":222,"column":4},"end":{"line":258,"column":null}}},"fnMap":{"0":{"name":"buildStoppedSkeleton","decl":{"start":{"line":4,"column":16},"end":{"line":4,"column":null}},"loc":{"start":{"line":7,"column":20},"end":{"line":74,"column":null}},"line":7},"1":{"name":"(anonymous_1)","decl":{"start":{"line":15,"column":6},"end":{"line":15,"column":11}},"loc":{"start":{"line":15,"column":51},"end":{"line":20,"column":6}},"line":15},"2":{"name":"(anonymous_2)","decl":{"start":{"line":24,"column":6},"end":{"line":24,"column":11}},"loc":{"start":{"line":24,"column":52},"end":{"line":31,"column":6}},"line":24},"3":{"name":"parseStats","decl":{"start":{"line":76,"column":16},"end":{"line":76,"column":null}},"loc":{"start":{"line":81,"column":20},"end":{"line":259,"column":null}},"line":81},"4":{"name":"(anonymous_4)","decl":{"start":{"line":199,"column":6},"end":{"line":199,"column":11}},"loc":{"start":{"line":199,"column":51},"end":{"line":204,"column":6}},"line":199},"5":{"name":"(anonymous_5)","decl":{"start":{"line":208,"column":6},"end":{"line":208,"column":11}},"loc":{"start":{"line":208,"column":52},"end":{"line":215,"column":6}},"line":208}},"branchMap":{"0":{"loc":{"start":{"line":9,"column":7},"end":{"line":9,"column":null}},"type":"binary-expr","locations":[{"start":{"line":9,"column":7},"end":{"line":9,"column":63}},{"start":{"line":9,"column":63},"end":{"line":9,"column":null}}],"line":9},"1":{"loc":{"start":{"line":11,"column":30},"end":{"line":11,"column":null}},"type":"binary-expr","locations":[{"start":{"line":11,"column":30},"end":{"line":11,"column":69}},{"start":{"line":11,"column":69},"end":{"line":11,"column":null}}],"line":11},"2":{"loc":{"start":{"line":14,"column":7},"end":{"line":14,"column":null}},"type":"binary-expr","locations":[{"start":{"line":14,"column":7},"end":{"line":14,"column":63}},{"start":{"line":14,"column":63},"end":{"line":14,"column":null}}],"line":14},"3":{"loc":{"start":{"line":16,"column":11},"end":{"line":16,"column":null}},"type":"binary-expr","locations":[{"start":{"line":16,"column":11},"end":{"line":16,"column":38}},{"start":{"line":16,"column":38},"end":{"line":16,"column":null}}],"line":16},"4":{"loc":{"start":{"line":17,"column":20},"end":{"line":17,"column":null}},"type":"binary-expr","locations":[{"start":{"line":17,"column":20},"end":{"line":17,"column":56}},{"start":{"line":17,"column":56},"end":{"line":17,"column":null}}],"line":17},"5":{"loc":{"start":{"line":18,"column":19},"end":{"line":18,"column":null}},"type":"binary-expr","locations":[{"start":{"line":18,"column":19},"end":{"line":18,"column":54}},{"start":{"line":18,"column":54},"end":{"line":18,"column":null}}],"line":18},"6":{"loc":{"start":{"line":19,"column":13},"end":{"line":19,"column":null}},"type":"binary-expr","locations":[{"start":{"line":19,"column":13},"end":{"line":19,"column":42}},{"start":{"line":19,"column":42},"end":{"line":19,"column":null}}],"line":19},"7":{"loc":{"start":{"line":23,"column":7},"end":{"line":23,"column":null}},"type":"binary-expr","locations":[{"start":{"line":23,"column":7},"end":{"line":23,"column":64}},{"start":{"line":23,"column":64},"end":{"line":23,"column":null}}],"line":23},"8":{"loc":{"start":{"line":25,"column":13},"end":{"line":25,"column":null}},"type":"binary-expr","locations":[{"start":{"line":25,"column":13},"end":{"line":25,"column":43}},{"start":{"line":25,"column":43},"end":{"line":25,"column":null}}],"line":25},"9":{"loc":{"start":{"line":26,"column":13},"end":{"line":26,"column":null}},"type":"binary-expr","locations":[{"start":{"line":26,"column":13},"end":{"line":26,"column":43}},{"start":{"line":26,"column":43},"end":{"line":26,"column":null}}],"line":26},"10":{"loc":{"start":{"line":27,"column":15},"end":{"line":27,"column":null}},"type":"binary-expr","locations":[{"start":{"line":27,"column":15},"end":{"line":27,"column":47}},{"start":{"line":27,"column":47},"end":{"line":27,"column":null}}],"line":27},"11":{"loc":{"start":{"line":28,"column":20},"end":{"line":28,"column":null}},"type":"binary-expr","locations":[{"start":{"line":28,"column":20},"end":{"line":28,"column":57}},{"start":{"line":28,"column":57},"end":{"line":28,"column":null}}],"line":28},"12":{"loc":{"start":{"line":29,"column":13},"end":{"line":29,"column":null}},"type":"binary-expr","locations":[{"start":{"line":29,"column":13},"end":{"line":29,"column":43}},{"start":{"line":29,"column":43},"end":{"line":29,"column":null}}],"line":29},"13":{"loc":{"start":{"line":30,"column":11},"end":{"line":30,"column":null}},"type":"binary-expr","locations":[{"start":{"line":30,"column":11},"end":{"line":30,"column":40}},{"start":{"line":30,"column":40},"end":{"line":30,"column":null}}],"line":30},"14":{"loc":{"start":{"line":33,"column":26},"end":{"line":33,"column":null}},"type":"binary-expr","locations":[{"start":{"line":33,"column":26},"end":{"line":33,"column":80}},{"start":{"line":33,"column":80},"end":{"line":33,"column":null}}],"line":33},"15":{"loc":{"start":{"line":38,"column":14},"end":{"line":38,"column":null}},"type":"binary-expr","locations":[{"start":{"line":38,"column":14},"end":{"line":38,"column":51}},{"start":{"line":38,"column":51},"end":{"line":38,"column":null}}],"line":38},"16":{"loc":{"start":{"line":39,"column":14},"end":{"line":39,"column":null}},"type":"binary-expr","locations":[{"start":{"line":39,"column":14},"end":{"line":39,"column":51}},{"start":{"line":39,"column":51},"end":{"line":39,"column":null}}],"line":39},"17":{"loc":{"start":{"line":40,"column":15},"end":{"line":40,"column":null}},"type":"binary-expr","locations":[{"start":{"line":40,"column":15},"end":{"line":40,"column":53}},{"start":{"line":40,"column":53},"end":{"line":40,"column":null}}],"line":40},"18":{"loc":{"start":{"line":41,"column":16},"end":{"line":41,"column":null}},"type":"binary-expr","locations":[{"start":{"line":41,"column":16},"end":{"line":41,"column":55}},{"start":{"line":41,"column":55},"end":{"line":41,"column":null}}],"line":41},"19":{"loc":{"start":{"line":85,"column":29},"end":{"line":85,"column":null}},"type":"binary-expr","locations":[{"start":{"line":85,"column":29},"end":{"line":85,"column":68}},{"start":{"line":85,"column":68},"end":{"line":85,"column":null}}],"line":85},"20":{"loc":{"start":{"line":86,"column":32},"end":{"line":86,"column":null}},"type":"binary-expr","locations":[{"start":{"line":86,"column":32},"end":{"line":86,"column":76}},{"start":{"line":86,"column":76},"end":{"line":86,"column":null}}],"line":86},"21":{"loc":{"start":{"line":88,"column":7},"end":{"line":90,"column":null}},"type":"binary-expr","locations":[{"start":{"line":88,"column":7},"end":{"line":88,"column":null}},{"start":{"line":88,"column":20},"end":{"line":89,"column":null}},{"start":{"line":90,"column":6},"end":{"line":90,"column":null}}],"line":88},"22":{"loc":{"start":{"line":93,"column":4},"end":{"line":99,"column":null}},"type":"if","locations":[{"start":{"line":93,"column":4},"end":{"line":99,"column":null}},{"start":{},"end":{}}],"line":93},"23":{"loc":{"start":{"line":96,"column":6},"end":{"line":98,"column":null}},"type":"if","locations":[{"start":{"line":96,"column":6},"end":{"line":98,"column":null}},{"start":{},"end":{}}],"line":96},"24":{"loc":{"start":{"line":96,"column":10},"end":{"line":96,"column":43}},"type":"binary-expr","locations":[{"start":{"line":96,"column":10},"end":{"line":96,"column":29}},{"start":{"line":96,"column":29},"end":{"line":96,"column":43}}],"line":96},"25":{"loc":{"start":{"line":104,"column":28},"end":{"line":104,"column":null}},"type":"binary-expr","locations":[{"start":{"line":104,"column":28},"end":{"line":104,"column":64}},{"start":{"line":104,"column":64},"end":{"line":104,"column":null}}],"line":104},"26":{"loc":{"start":{"line":106,"column":7},"end":{"line":108,"column":null}},"type":"binary-expr","locations":[{"start":{"line":106,"column":7},"end":{"line":106,"column":null}},{"start":{"line":107,"column":7},"end":{"line":107,"column":null}},{"start":{"line":108,"column":6},"end":{"line":108,"column":null}}],"line":106},"27":{"loc":{"start":{"line":110,"column":28},"end":{"line":110,"column":null}},"type":"binary-expr","locations":[{"start":{"line":110,"column":28},"end":{"line":110,"column":64}},{"start":{"line":110,"column":64},"end":{"line":110,"column":null}}],"line":110},"28":{"loc":{"start":{"line":111,"column":30},"end":{"line":111,"column":null}},"type":"cond-expr","locations":[{"start":{"line":111,"column":52},"end":{"line":111,"column":95}},{"start":{"line":111,"column":95},"end":{"line":111,"column":null}}],"line":111},"29":{"loc":{"start":{"line":124,"column":4},"end":{"line":155,"column":null}},"type":"if","locations":[{"start":{"line":124,"column":4},"end":{"line":155,"column":null}},{"start":{},"end":{}}],"line":124},"30":{"loc":{"start":{"line":126,"column":24},"end":{"line":126,"column":null}},"type":"binary-expr","locations":[{"start":{"line":126,"column":24},"end":{"line":126,"column":51}},{"start":{"line":126,"column":51},"end":{"line":126,"column":null}}],"line":126},"31":{"loc":{"start":{"line":127,"column":24},"end":{"line":127,"column":null}},"type":"binary-expr","locations":[{"start":{"line":127,"column":24},"end":{"line":127,"column":51}},{"start":{"line":127,"column":51},"end":{"line":127,"column":null}}],"line":127},"32":{"loc":{"start":{"line":128,"column":26},"end":{"line":128,"column":null}},"type":"binary-expr","locations":[{"start":{"line":128,"column":26},"end":{"line":128,"column":55}},{"start":{"line":128,"column":55},"end":{"line":128,"column":null}}],"line":128},"33":{"loc":{"start":{"line":129,"column":26},"end":{"line":129,"column":null}},"type":"binary-expr","locations":[{"start":{"line":129,"column":26},"end":{"line":129,"column":55}},{"start":{"line":129,"column":55},"end":{"line":129,"column":null}}],"line":129},"34":{"loc":{"start":{"line":130,"column":26},"end":{"line":130,"column":null}},"type":"binary-expr","locations":[{"start":{"line":130,"column":26},"end":{"line":130,"column":55}},{"start":{"line":130,"column":55},"end":{"line":130,"column":null}}],"line":130},"35":{"loc":{"start":{"line":131,"column":26},"end":{"line":131,"column":null}},"type":"binary-expr","locations":[{"start":{"line":131,"column":26},"end":{"line":131,"column":55}},{"start":{"line":131,"column":55},"end":{"line":131,"column":null}}],"line":131},"36":{"loc":{"start":{"line":132,"column":25},"end":{"line":132,"column":null}},"type":"binary-expr","locations":[{"start":{"line":132,"column":25},"end":{"line":132,"column":53}},{"start":{"line":132,"column":53},"end":{"line":132,"column":null}}],"line":132},"37":{"loc":{"start":{"line":133,"column":25},"end":{"line":133,"column":null}},"type":"binary-expr","locations":[{"start":{"line":133,"column":25},"end":{"line":133,"column":53}},{"start":{"line":133,"column":53},"end":{"line":133,"column":null}}],"line":133},"38":{"loc":{"start":{"line":164,"column":4},"end":{"line":173,"column":null}},"type":"if","locations":[{"start":{"line":164,"column":4},"end":{"line":173,"column":null}},{"start":{},"end":{}}],"line":164},"39":{"loc":{"start":{"line":166,"column":8},"end":{"line":168,"column":null}},"type":"if","locations":[{"start":{"line":166,"column":8},"end":{"line":168,"column":null}},{"start":{},"end":{}}],"line":166},"40":{"loc":{"start":{"line":166,"column":12},"end":{"line":166,"column":66}},"type":"binary-expr","locations":[{"start":{"line":166,"column":12},"end":{"line":166,"column":40}},{"start":{"line":166,"column":40},"end":{"line":166,"column":66}}],"line":166},"41":{"loc":{"start":{"line":167,"column":28},"end":{"line":167,"column":null}},"type":"binary-expr","locations":[{"start":{"line":167,"column":28},"end":{"line":167,"column":48}},{"start":{"line":167,"column":48},"end":{"line":167,"column":null}}],"line":167},"42":{"loc":{"start":{"line":169,"column":8},"end":{"line":171,"column":null}},"type":"if","locations":[{"start":{"line":169,"column":8},"end":{"line":171,"column":null}},{"start":{},"end":{}}],"line":169},"43":{"loc":{"start":{"line":169,"column":12},"end":{"line":169,"column":68}},"type":"binary-expr","locations":[{"start":{"line":169,"column":12},"end":{"line":169,"column":41}},{"start":{"line":169,"column":41},"end":{"line":169,"column":68}}],"line":169},"44":{"loc":{"start":{"line":170,"column":29},"end":{"line":170,"column":null}},"type":"binary-expr","locations":[{"start":{"line":170,"column":29},"end":{"line":170,"column":49}},{"start":{"line":170,"column":49},"end":{"line":170,"column":null}}],"line":170},"45":{"loc":{"start":{"line":176,"column":23},"end":{"line":176,"column":null}},"type":"binary-expr","locations":[{"start":{"line":176,"column":23},"end":{"line":176,"column":59}},{"start":{"line":176,"column":59},"end":{"line":176,"column":null}}],"line":176},"46":{"loc":{"start":{"line":179,"column":12},"end":{"line":179,"column":null}},"type":"binary-expr","locations":[{"start":{"line":179,"column":12},"end":{"line":179,"column":53}},{"start":{"line":179,"column":53},"end":{"line":179,"column":null}}],"line":179},"47":{"loc":{"start":{"line":181,"column":13},"end":{"line":181,"column":null}},"type":"binary-expr","locations":[{"start":{"line":181,"column":13},"end":{"line":181,"column":55}},{"start":{"line":181,"column":55},"end":{"line":181,"column":null}}],"line":181},"48":{"loc":{"start":{"line":182,"column":17},"end":{"line":182,"column":null}},"type":"binary-expr","locations":[{"start":{"line":182,"column":17},"end":{"line":182,"column":57}},{"start":{"line":182,"column":57},"end":{"line":182,"column":null}}],"line":182},"49":{"loc":{"start":{"line":183,"column":19},"end":{"line":183,"column":null}},"type":"binary-expr","locations":[{"start":{"line":183,"column":19},"end":{"line":183,"column":68}},{"start":{"line":183,"column":68},"end":{"line":183,"column":null}}],"line":183},"50":{"loc":{"start":{"line":184,"column":21},"end":{"line":184,"column":null}},"type":"binary-expr","locations":[{"start":{"line":184,"column":21},"end":{"line":184,"column":72}},{"start":{"line":184,"column":72},"end":{"line":184,"column":null}}],"line":184},"51":{"loc":{"start":{"line":185,"column":16},"end":{"line":185,"column":null}},"type":"binary-expr","locations":[{"start":{"line":185,"column":16},"end":{"line":185,"column":61}},{"start":{"line":185,"column":61},"end":{"line":185,"column":null}}],"line":185},"52":{"loc":{"start":{"line":186,"column":19},"end":{"line":186,"column":null}},"type":"binary-expr","locations":[{"start":{"line":186,"column":19},"end":{"line":186,"column":67}},{"start":{"line":186,"column":67},"end":{"line":186,"column":null}}],"line":186},"53":{"loc":{"start":{"line":191,"column":15},"end":{"line":191,"column":null}},"type":"binary-expr","locations":[{"start":{"line":191,"column":15},"end":{"line":191,"column":45}},{"start":{"line":191,"column":45},"end":{"line":191,"column":null}}],"line":191},"54":{"loc":{"start":{"line":192,"column":24},"end":{"line":192,"column":null}},"type":"binary-expr","locations":[{"start":{"line":192,"column":24},"end":{"line":192,"column":64}},{"start":{"line":192,"column":64},"end":{"line":192,"column":null}}],"line":192},"55":{"loc":{"start":{"line":193,"column":23},"end":{"line":193,"column":null}},"type":"binary-expr","locations":[{"start":{"line":193,"column":23},"end":{"line":193,"column":60}},{"start":{"line":193,"column":60},"end":{"line":193,"column":null}}],"line":193},"56":{"loc":{"start":{"line":196,"column":30},"end":{"line":196,"column":null}},"type":"binary-expr","locations":[{"start":{"line":196,"column":30},"end":{"line":196,"column":69}},{"start":{"line":196,"column":69},"end":{"line":196,"column":null}}],"line":196},"57":{"loc":{"start":{"line":198,"column":7},"end":{"line":198,"column":null}},"type":"binary-expr","locations":[{"start":{"line":198,"column":7},"end":{"line":198,"column":63}},{"start":{"line":198,"column":63},"end":{"line":198,"column":null}}],"line":198},"58":{"loc":{"start":{"line":200,"column":11},"end":{"line":200,"column":null}},"type":"binary-expr","locations":[{"start":{"line":200,"column":11},"end":{"line":200,"column":38}},{"start":{"line":200,"column":38},"end":{"line":200,"column":null}}],"line":200},"59":{"loc":{"start":{"line":201,"column":20},"end":{"line":201,"column":null}},"type":"binary-expr","locations":[{"start":{"line":201,"column":20},"end":{"line":201,"column":56}},{"start":{"line":201,"column":56},"end":{"line":201,"column":null}}],"line":201},"60":{"loc":{"start":{"line":202,"column":19},"end":{"line":202,"column":null}},"type":"binary-expr","locations":[{"start":{"line":202,"column":19},"end":{"line":202,"column":54}},{"start":{"line":202,"column":54},"end":{"line":202,"column":null}}],"line":202},"61":{"loc":{"start":{"line":203,"column":13},"end":{"line":203,"column":null}},"type":"binary-expr","locations":[{"start":{"line":203,"column":13},"end":{"line":203,"column":42}},{"start":{"line":203,"column":42},"end":{"line":203,"column":null}}],"line":203},"62":{"loc":{"start":{"line":207,"column":7},"end":{"line":207,"column":null}},"type":"binary-expr","locations":[{"start":{"line":207,"column":7},"end":{"line":207,"column":64}},{"start":{"line":207,"column":64},"end":{"line":207,"column":null}}],"line":207},"63":{"loc":{"start":{"line":209,"column":13},"end":{"line":209,"column":null}},"type":"binary-expr","locations":[{"start":{"line":209,"column":13},"end":{"line":209,"column":43}},{"start":{"line":209,"column":43},"end":{"line":209,"column":null}}],"line":209},"64":{"loc":{"start":{"line":210,"column":13},"end":{"line":210,"column":null}},"type":"binary-expr","locations":[{"start":{"line":210,"column":13},"end":{"line":210,"column":43}},{"start":{"line":210,"column":43},"end":{"line":210,"column":null}}],"line":210},"65":{"loc":{"start":{"line":211,"column":15},"end":{"line":211,"column":null}},"type":"binary-expr","locations":[{"start":{"line":211,"column":15},"end":{"line":211,"column":47}},{"start":{"line":211,"column":47},"end":{"line":211,"column":null}}],"line":211},"66":{"loc":{"start":{"line":212,"column":20},"end":{"line":212,"column":null}},"type":"binary-expr","locations":[{"start":{"line":212,"column":20},"end":{"line":212,"column":57}},{"start":{"line":212,"column":57},"end":{"line":212,"column":null}}],"line":212},"67":{"loc":{"start":{"line":213,"column":13},"end":{"line":213,"column":null}},"type":"binary-expr","locations":[{"start":{"line":213,"column":13},"end":{"line":213,"column":43}},{"start":{"line":213,"column":43},"end":{"line":213,"column":null}}],"line":213},"68":{"loc":{"start":{"line":214,"column":11},"end":{"line":214,"column":null}},"type":"binary-expr","locations":[{"start":{"line":214,"column":11},"end":{"line":214,"column":40}},{"start":{"line":214,"column":40},"end":{"line":214,"column":null}}],"line":214},"69":{"loc":{"start":{"line":217,"column":26},"end":{"line":217,"column":null}},"type":"binary-expr","locations":[{"start":{"line":217,"column":26},"end":{"line":217,"column":80}},{"start":{"line":217,"column":80},"end":{"line":217,"column":null}}],"line":217},"70":{"loc":{"start":{"line":219,"column":7},"end":{"line":219,"column":null}},"type":"binary-expr","locations":[{"start":{"line":219,"column":7},"end":{"line":219,"column":63}},{"start":{"line":219,"column":63},"end":{"line":219,"column":null}}],"line":219},"71":{"loc":{"start":{"line":225,"column":14},"end":{"line":225,"column":null}},"type":"binary-expr","locations":[{"start":{"line":225,"column":14},"end":{"line":225,"column":51}},{"start":{"line":225,"column":51},"end":{"line":225,"column":null}}],"line":225},"72":{"loc":{"start":{"line":226,"column":14},"end":{"line":226,"column":null}},"type":"binary-expr","locations":[{"start":{"line":226,"column":14},"end":{"line":226,"column":51}},{"start":{"line":226,"column":51},"end":{"line":226,"column":null}}],"line":226},"73":{"loc":{"start":{"line":227,"column":15},"end":{"line":227,"column":null}},"type":"binary-expr","locations":[{"start":{"line":227,"column":15},"end":{"line":227,"column":53}},{"start":{"line":227,"column":53},"end":{"line":227,"column":null}}],"line":227},"74":{"loc":{"start":{"line":228,"column":16},"end":{"line":228,"column":null}},"type":"binary-expr","locations":[{"start":{"line":228,"column":16},"end":{"line":228,"column":55}},{"start":{"line":228,"column":55},"end":{"line":228,"column":null}}],"line":228}},"s":{"0":1,"1":1,"2":1,"3":1,"4":1,"5":1,"6":1,"7":1,"8":1,"9":1,"10":1,"11":1,"12":1,"13":1,"14":1,"15":1,"16":1,"17":1,"18":1,"19":1,"20":1,"21":1,"22":1,"23":1,"24":1,"25":1,"26":1,"27":1,"28":1,"29":1,"30":1,"31":1,"32":1,"33":1,"34":1,"35":1,"36":1,"37":1,"38":2,"39":2,"40":2,"41":2,"42":2,"43":2,"44":2,"45":2,"46":2,"47":2,"48":2,"49":2,"50":2,"51":2,"52":2,"53":2,"54":2,"55":1,"56":1,"57":1,"58":1,"59":1,"60":1,"61":2,"62":1,"63":2,"64":1,"65":1,"66":1,"67":1,"68":1,"69":1,"70":1,"71":1,"72":1,"73":1,"74":1,"75":1,"76":1,"77":1},"f":{"0":1,"1":1,"2":1,"3":1,"4":1,"5":1},"b":{"0":[1,0],"1":[1,0],"2":[1,0],"3":[1,0],"4":[1,0],"5":[1,0],"6":[1,0],"7":[1,0],"8":[1,0],"9":[1,1],"10":[1,0],"11":[1,0],"12":[1,0],"13":[1,0],"14":[1,0],"15":[1,0],"16":[1,0],"17":[1,0],"18":[1,0],"19":[1,0],"20":[1,0],"21":[1,0,0],"22":[1,0],"23":[1,0],"24":[1,1],"25":[1,0],"26":[1,0,0],"27":[1,0],"28":[1,0],"29":[1,0],"30":[2,0],"31":[2,0],"32":[2,0],"33":[2,0],"34":[2,2],"35":[2,2],"36":[2,2],"37":[2,2],"38":[1,0],"39":[1,1],"40":[2,1],"41":[1,0],"42":[1,1],"43":[2,1],"44":[1,0],"45":[1,0],"46":[1,0],"47":[1,1],"48":[1,0],"49":[1,1],"50":[1,1],"51":[1,1],"52":[1,1],"53":[1,0],"54":[1,0],"55":[1,0],"56":[1,0],"57":[1,0],"58":[1,0],"59":[1,0],"60":[1,0],"61":[1,0],"62":[1,0],"63":[1,0],"64":[1,1],"65":[1,0],"66":[1,0],"67":[1,0],"68":[1,0],"69":[1,0],"70":[1,0],"71":[1,0],"72":[1,0],"73":[1,0],"74":[1,0]},"meta":{"lastBranch":75,"lastFunction":6,"lastStatement":78,"seen":{"f:4:16:4:Infinity":0,"s:8:10:10:Infinity":0,"b:9:7:9:63:9:63:9:Infinity":0,"s:11:30:11:Infinity":1,"b:11:30:11:69:11:69:11:Infinity":1,"s:13:10:20:Infinity":2,"b:14:7:14:63:14:63:14:Infinity":2,"f:15:6:15:11":1,"s:15:51:20:6":3,"b:16:11:16:38:16:38:16:Infinity":3,"b:17:20:17:56:17:56:17:Infinity":4,"b:18:19:18:54:18:54:18:Infinity":5,"b:19:13:19:42:19:42:19:Infinity":6,"s:22:10:31:Infinity":4,"b:23:7:23:64:23:64:23:Infinity":7,"f:24:6:24:11":2,"s:24:52:31:6":5,"b:25:13:25:43:25:43:25:Infinity":8,"b:26:13:26:43:26:43:26:Infinity":9,"b:27:15:27:47:27:47:27:Infinity":10,"b:28:20:28:57:28:57:28:Infinity":11,"b:29:13:29:43:29:43:29:Infinity":12,"b:30:11:30:40:30:40:30:Infinity":13,"s:33:26:33:Infinity":6,"b:33:26:33:80:33:80:33:Infinity":14,"s:35:4:73:Infinity":7,"b:38:14:38:51:38:51:38:Infinity":15,"b:39:14:39:51:39:51:39:Infinity":16,"b:40:15:40:53:40:53:40:Infinity":17,"b:41:16:41:55:41:55:41:Infinity":18,"f:76:16:76:Infinity":3,"s:82:24:82:Infinity":8,"s:83:24:83:Infinity":9,"s:85:29:85:Infinity":10,"b:85:29:85:68:85:68:85:Infinity":19,"s:86:32:86:Infinity":11,"b:86:32:86:76:86:76:86:Infinity":20,"s:88:7:90:Infinity":12,"b:88:7:88:Infinity:88:20:89:Infinity:90:6:90:Infinity":21,"s:92:29:92:Infinity":13,"b:93:4:99:Infinity:undefined:undefined:undefined:undefined":22,"s:93:4:99:Infinity":14,"s:94:23:94:Infinity":15,"s:95:26:95:Infinity":16,"b:96:6:98:Infinity:undefined:undefined:undefined:undefined":23,"s:96:6:98:Infinity":17,"b:96:10:96:29:96:29:96:43":24,"s:97:8:97:Infinity":18,"s:101:27:101:Infinity":19,"s:102:34:102:Infinity":20,"s:104:28:104:Infinity":21,"b:104:28:104:64:104:64:104:Infinity":25,"s:106:7:108:Infinity":22,"b:106:7:106:Infinity:107:7:107:Infinity:108:6:108:Infinity":26,"s:109:29:109:Infinity":23,"s:110:28:110:Infinity":24,"b:110:28:110:64:110:64:110:Infinity":27,"s:111:30:111:Infinity":25,"b:111:52:111:95:111:95:111:Infinity":28,"s:113:16:113:Infinity":26,"s:114:16:114:Infinity":27,"s:115:23:115:Infinity":28,"s:116:23:116:Infinity":29,"s:117:23:117:Infinity":30,"s:118:23:118:Infinity":31,"s:119:22:119:Infinity":32,"s:120:22:120:Infinity":33,"s:121:75:121:Infinity":34,"s:123:25:123:Infinity":35,"b:124:4:155:Infinity:undefined:undefined:undefined:undefined":29,"s:124:4:155:Infinity":36,"s:125:6:154:Infinity":37,"s:126:24:126:Infinity":38,"b:126:24:126:51:126:51:126:Infinity":30,"s:127:24:127:Infinity":39,"b:127:24:127:51:127:51:127:Infinity":31,"s:128:26:128:Infinity":40,"b:128:26:128:55:128:55:128:Infinity":32,"s:129:26:129:Infinity":41,"b:129:26:129:55:129:55:129:Infinity":33,"s:130:26:130:Infinity":42,"b:130:26:130:55:130:55:130:Infinity":34,"s:131:26:131:Infinity":43,"b:131:26:131:55:131:55:131:Infinity":35,"s:132:25:132:Infinity":44,"b:132:25:132:53:132:53:132:Infinity":36,"s:133:25:133:Infinity":45,"b:133:25:133:53:133:53:133:Infinity":37,"s:135:8:135:Infinity":46,"s:136:8:136:Infinity":47,"s:137:8:137:Infinity":48,"s:138:8:138:Infinity":49,"s:139:8:139:Infinity":50,"s:140:8:140:Infinity":51,"s:141:8:141:Infinity":52,"s:142:8:142:Infinity":53,"s:144:8:153:Infinity":54,"s:157:25:157:Infinity":55,"s:158:26:158:Infinity":56,"s:159:28:159:Infinity":57,"s:160:30:160:Infinity":58,"b:164:4:173:Infinity:undefined:undefined:undefined:undefined":38,"s:164:4:173:Infinity":59,"s:165:6:172:Infinity":60,"b:166:8:168:Infinity:undefined:undefined:undefined:undefined":39,"s:166:8:168:Infinity":61,"b:166:12:166:40:166:40:166:66":40,"s:167:10:167:Infinity":62,"b:167:28:167:48:167:48:167:Infinity":41,"b:169:8:171:Infinity:undefined:undefined:undefined:undefined":42,"s:169:8:171:Infinity":63,"b:169:12:169:41:169:41:169:68":43,"s:170:10:170:Infinity":64,"b:170:29:170:49:170:49:170:Infinity":44,"s:175:25:175:Infinity":65,"s:176:23:176:Infinity":66,"b:176:23:176:59:176:59:176:Infinity":45,"s:178:32:187:Infinity":67,"b:179:12:179:53:179:53:179:Infinity":46,"b:181:13:181:55:181:55:181:Infinity":47,"b:182:17:182:57:182:57:182:Infinity":48,"b:183:19:183:68:183:68:183:Infinity":49,"b:184:21:184:72:184:72:184:Infinity":50,"b:185:16:185:61:185:61:185:Infinity":51,"b:186:19:186:67:186:67:186:Infinity":52,"s:189:30:189:Infinity":68,"s:190:32:194:Infinity":69,"b:191:15:191:45:191:45:191:Infinity":53,"b:192:24:192:64:192:64:192:Infinity":54,"b:193:23:193:60:193:60:193:Infinity":55,"s:196:30:196:Infinity":70,"b:196:30:196:69:196:69:196:Infinity":56,"s:197:10:204:Infinity":71,"b:198:7:198:63:198:63:198:Infinity":57,"f:199:6:199:11":4,"s:199:51:204:6":72,"b:200:11:200:38:200:38:200:Infinity":58,"b:201:20:201:56:201:56:201:Infinity":59,"b:202:19:202:54:202:54:202:Infinity":60,"b:203:13:203:42:203:42:203:Infinity":61,"s:206:10:215:Infinity":73,"b:207:7:207:64:207:64:207:Infinity":62,"f:208:6:208:11":5,"s:208:52:215:6":74,"b:209:13:209:43:209:43:209:Infinity":63,"b:210:13:210:43:210:43:210:Infinity":64,"b:211:15:211:47:211:47:211:Infinity":65,"b:212:20:212:57:212:57:212:Infinity":66,"b:213:13:213:43:213:43:213:Infinity":67,"b:214:11:214:40:214:40:214:Infinity":68,"s:217:26:217:Infinity":75,"b:217:26:217:80:217:80:217:Infinity":69,"s:218:10:220:Infinity":76,"b:219:7:219:63:219:63:219:Infinity":70,"s:222:4:258:Infinity":77,"b:225:14:225:51:225:51:225:Infinity":71,"b:226:14:226:51:226:51:226:Infinity":72,"b:227:15:227:53:227:53:227:Infinity":73,"b:228:16:228:55:228:55:228:Infinity":74},"fnNames":{}}}
,"/home/rodrigo/development/portal-service/src/services/google-analytics/GoogleAnalyticsDateHelper.ts": {"path":"/home/rodrigo/development/portal-service/src/services/google-analytics/GoogleAnalyticsDateHelper.ts","statementMap":{"0":{"start":{"line":6,"column":46},"end":{"line":10,"column":null}},"1":{"start":{"line":12,"column":4},"end":{"line":20,"column":null}},"2":{"start":{"line":13,"column":35},"end":{"line":13,"column":null}},"3":{"start":{"line":14,"column":6},"end":{"line":19,"column":null}},"4":{"start":{"line":15,"column":8},"end":{"line":18,"column":null}},"5":{"start":{"line":22,"column":4},"end":{"line":25,"column":null}},"6":{"start":{"line":32,"column":4},"end":{"line":50,"column":null}},"7":{"start":{"line":33,"column":47},"end":{"line":33,"column":null}},"8":{"start":{"line":34,"column":6},"end":{"line":49,"column":null}},"9":{"start":{"line":35,"column":26},"end":{"line":35,"column":null}},"10":{"start":{"line":36,"column":24},"end":{"line":36,"column":null}},"11":{"start":{"line":37,"column":39},"end":{"line":37,"column":null}},"12":{"start":{"line":39,"column":32},"end":{"line":39,"column":null}},"13":{"start":{"line":40,"column":34},"end":{"line":42,"column":null}},"14":{"start":{"line":44,"column":14},"end":{"line":44,"column":null}},"15":{"start":{"line":44,"column":43},"end":{"line":44,"column":null}},"16":{"start":{"line":45,"column":8},"end":{"line":48,"column":null}},"17":{"start":{"line":52,"column":22},"end":{"line":52,"column":null}},"18":{"start":{"line":53,"column":4},"end":{"line":56,"column":null}}},"fnMap":{"0":{"name":"periodToDateRange","decl":{"start":{"line":2,"column":16},"end":{"line":2,"column":34}},"loc":{"start":{"line":5,"column":4},"end":{"line":26,"column":null}},"line":5},"1":{"name":"previousPeriodRange","decl":{"start":{"line":28,"column":16},"end":{"line":28,"column":36}},"loc":{"start":{"line":31,"column":4},"end":{"line":57,"column":null}},"line":31},"2":{"name":"(anonymous_2)","decl":{"start":{"line":44,"column":14},"end":{"line":44,"column":28}},"loc":{"start":{"line":44,"column":43},"end":{"line":44,"column":null}},"line":44}},"branchMap":{"0":{"loc":{"start":{"line":2,"column":34},"end":{"line":2,"column":null}},"type":"default-arg","locations":[{"start":{"line":2,"column":57},"end":{"line":2,"column":null}}],"line":2},"1":{"loc":{"start":{"line":12,"column":4},"end":{"line":20,"column":null}},"type":"if","locations":[{"start":{"line":12,"column":4},"end":{"line":20,"column":null}},{"start":{},"end":{}}],"line":12},"2":{"loc":{"start":{"line":14,"column":6},"end":{"line":19,"column":null}},"type":"if","locations":[{"start":{"line":14,"column":6},"end":{"line":19,"column":null}},{"start":{},"end":{}}],"line":14},"3":{"loc":{"start":{"line":14,"column":10},"end":{"line":14,"column":32}},"type":"binary-expr","locations":[{"start":{"line":14,"column":10},"end":{"line":14,"column":23}},{"start":{"line":14,"column":23},"end":{"line":14,"column":32}}],"line":14},"4":{"loc":{"start":{"line":23,"column":17},"end":{"line":23,"column":null}},"type":"binary-expr","locations":[{"start":{"line":23,"column":17},"end":{"line":23,"column":44}},{"start":{"line":23,"column":44},"end":{"line":23,"column":null}}],"line":23},"5":{"loc":{"start":{"line":28,"column":36},"end":{"line":28,"column":null}},"type":"default-arg","locations":[{"start":{"line":28,"column":59},"end":{"line":28,"column":null}}],"line":28},"6":{"loc":{"start":{"line":32,"column":4},"end":{"line":50,"column":null}},"type":"if","locations":[{"start":{"line":32,"column":4},"end":{"line":50,"column":null}},{"start":{},"end":{}}],"line":32},"7":{"loc":{"start":{"line":34,"column":6},"end":{"line":49,"column":null}},"type":"if","locations":[{"start":{"line":34,"column":6},"end":{"line":49,"column":null}},{"start":{},"end":{}}],"line":34},"8":{"loc":{"start":{"line":34,"column":10},"end":{"line":34,"column":44}},"type":"binary-expr","locations":[{"start":{"line":34,"column":10},"end":{"line":34,"column":29}},{"start":{"line":34,"column":29},"end":{"line":34,"column":44}}],"line":34},"9":{"loc":{"start":{"line":52,"column":22},"end":{"line":52,"column":null}},"type":"binary-expr","locations":[{"start":{"line":52,"column":22},"end":{"line":52,"column":52}},{"start":{"line":52,"column":52},"end":{"line":52,"column":null}}],"line":52}},"s":{"0":5,"1":5,"2":1,"3":1,"4":1,"5":4,"6":3,"7":1,"8":1,"9":1,"10":1,"11":1,"12":1,"13":1,"14":1,"15":2,"16":1,"17":2,"18":3},"f":{"0":1,"1":1,"2":2},"b":{"0":[5],"1":[1,4],"2":[1,0],"3":[1,1],"4":[4,1],"5":[3],"6":[1,2],"7":[1,0],"8":[1,1],"9":[2,0]},"meta":{"lastBranch":10,"lastFunction":3,"lastStatement":19,"seen":{"f:2:16:2:34":0,"b:2:57:2:Infinity":0,"s:6:46:10:Infinity":0,"b:12:4:20:Infinity:undefined:undefined:undefined:undefined":1,"s:12:4:20:Infinity":1,"s:13:35:13:Infinity":2,"b:14:6:19:Infinity:undefined:undefined:undefined:undefined":2,"s:14:6:19:Infinity":3,"b:14:10:14:23:14:23:14:32":3,"s:15:8:18:Infinity":4,"s:22:4:25:Infinity":5,"b:23:17:23:44:23:44:23:Infinity":4,"f:28:16:28:36":1,"b:28:59:28:Infinity":5,"b:32:4:50:Infinity:undefined:undefined:undefined:undefined":6,"s:32:4:50:Infinity":6,"s:33:47:33:Infinity":7,"b:34:6:49:Infinity:undefined:undefined:undefined:undefined":7,"s:34:6:49:Infinity":8,"b:34:10:34:29:34:29:34:44":8,"s:35:26:35:Infinity":9,"s:36:24:36:Infinity":10,"s:37:39:37:Infinity":11,"s:39:32:39:Infinity":12,"s:40:34:42:Infinity":13,"s:44:14:44:Infinity":14,"f:44:14:44:28":2,"s:44:43:44:Infinity":15,"s:45:8:48:Infinity":16,"s:52:22:52:Infinity":17,"b:52:22:52:52:52:52:52:Infinity":9,"s:53:4:56:Infinity":18},"fnNames":{}}}
,"/home/rodrigo/development/portal-service/src/utils/DateHelpers.ts": {"path":"/home/rodrigo/development/portal-service/src/utils/DateHelpers.ts","statementMap":{"0":{"start":{"line":3,"column":20},"end":{"line":3,"column":null}},"1":{"start":{"line":4,"column":4},"end":{"line":6,"column":null}},"2":{"start":{"line":5,"column":6},"end":{"line":5,"column":null}},"3":{"start":{"line":8,"column":25},"end":{"line":8,"column":null}},"4":{"start":{"line":9,"column":23},"end":{"line":9,"column":null}},"5":{"start":{"line":11,"column":4},"end":{"line":20,"column":null}},"6":{"start":{"line":13,"column":8},"end":{"line":13,"column":null}},"7":{"start":{"line":15,"column":8},"end":{"line":15,"column":null}},"8":{"start":{"line":17,"column":8},"end":{"line":17,"column":null}},"9":{"start":{"line":19,"column":8},"end":{"line":19,"column":null}}},"fnMap":{"0":{"name":"parseRangeToMilliseconds","decl":{"start":{"line":2,"column":16},"end":{"line":2,"column":41}},"loc":{"start":{"line":2,"column":70},"end":{"line":21,"column":null}},"line":2}},"branchMap":{"0":{"loc":{"start":{"line":4,"column":4},"end":{"line":6,"column":null}},"type":"if","locations":[{"start":{"line":4,"column":4},"end":{"line":6,"column":null}},{"start":{},"end":{}}],"line":4},"1":{"loc":{"start":{"line":11,"column":4},"end":{"line":20,"column":null}},"type":"switch","locations":[{"start":{"line":12,"column":6},"end":{"line":13,"column":null}},{"start":{"line":14,"column":6},"end":{"line":15,"column":null}},{"start":{"line":16,"column":6},"end":{"line":17,"column":null}},{"start":{"line":18,"column":6},"end":{"line":19,"column":null}}],"line":11}},"s":{"0":5,"1":5,"2":2,"3":3,"4":3,"5":3,"6":1,"7":1,"8":1,"9":0},"f":{"0":1},"b":{"0":[2,3],"1":[1,1,1,0]},"meta":{"lastBranch":2,"lastFunction":1,"lastStatement":10,"seen":{"f:2:16:2:41":0,"s:3:20:3:Infinity":0,"b:4:4:6:Infinity:undefined:undefined:undefined:undefined":0,"s:4:4:6:Infinity":1,"s:5:6:5:Infinity":2,"s:8:25:8:Infinity":3,"s:9:23:9:Infinity":4,"b:12:6:13:Infinity:14:6:15:Infinity:16:6:17:Infinity:18:6:19:Infinity":1,"s:11:4:20:Infinity":5,"s:13:8:13:Infinity":6,"s:15:8:15:Infinity":7,"s:17:8:17:Infinity":8,"s:19:8:19:Infinity":9},"fnNames":{}}}
,"/home/rodrigo/development/portal-service/src/utils/ErrorHelpers.ts": {"path":"/home/rodrigo/development/portal-service/src/utils/ErrorHelpers.ts","statementMap":{"0":{"start":{"line":6,"column":2},"end":{"line":6,"column":null}},"1":{"start":{"line":6,"column":30},"end":{"line":6,"column":null}},"2":{"start":{"line":7,"column":2},"end":{"line":7,"column":null}},"3":{"start":{"line":7,"column":33},"end":{"line":7,"column":null}},"4":{"start":{"line":8,"column":2},"end":{"line":8,"column":null}}},"fnMap":{"0":{"name":"getErrorMessage","decl":{"start":{"line":5,"column":16},"end":{"line":5,"column":32}},"loc":{"start":{"line":5,"column":56},"end":{"line":9,"column":null}},"line":5}},"branchMap":{"0":{"loc":{"start":{"line":6,"column":2},"end":{"line":6,"column":null}},"type":"if","locations":[{"start":{"line":6,"column":2},"end":{"line":6,"column":null}},{"start":{},"end":{}}],"line":6},"1":{"loc":{"start":{"line":7,"column":2},"end":{"line":7,"column":null}},"type":"if","locations":[{"start":{"line":7,"column":2},"end":{"line":7,"column":null}},{"start":{},"end":{}}],"line":7}},"s":{"0":5,"1":1,"2":4,"3":1,"4":3},"f":{"0":5},"b":{"0":[1,4],"1":[1,3]},"meta":{"lastBranch":2,"lastFunction":1,"lastStatement":5,"seen":{"f:5:16:5:32":0,"b:6:2:6:Infinity:undefined:undefined:undefined:undefined":0,"s:6:2:6:Infinity":0,"s:6:30:6:Infinity":1,"b:7:2:7:Infinity:undefined:undefined:undefined:undefined":1,"s:7:2:7:Infinity":2,"s:7:33:7:Infinity":3,"s:8:2:8:Infinity":4},"fnNames":{}}}
,"/home/rodrigo/development/portal-service/src/utils/errors.ts": {"path":"/home/rodrigo/development/portal-service/src/utils/errors.ts","statementMap":{"0":{"start":{"line":7,"column":2},"end":{"line":7,"column":null}},"1":{"start":{"line":8,"column":2},"end":{"line":8,"column":null}},"2":{"start":{"line":8,"column":19},"end":{"line":8,"column":null}},"3":{"start":{"line":10,"column":2},"end":{"line":13,"column":null}}},"fnMap":{"0":{"name":"errorHandler","decl":{"start":{"line":6,"column":16},"end":{"line":6,"column":29}},"loc":{"start":{"line":6,"column":116},"end":{"line":14,"column":null}},"line":6}},"branchMap":{"0":{"loc":{"start":{"line":8,"column":2},"end":{"line":8,"column":null}},"type":"if","locations":[{"start":{"line":8,"column":2},"end":{"line":8,"column":null}},{"start":{},"end":{}}],"line":8},"1":{"loc":{"start":{"line":10,"column":13},"end":{"line":10,"column":32}},"type":"binary-expr","locations":[{"start":{"line":10,"column":13},"end":{"line":10,"column":29}},{"start":{"line":10,"column":29},"end":{"line":10,"column":32}}],"line":10},"2":{"loc":{"start":{"line":12,"column":13},"end":{"line":12,"column":null}},"type":"binary-expr","locations":[{"start":{"line":12,"column":13},"end":{"line":12,"column":30}},{"start":{"line":12,"column":30},"end":{"line":12,"column":null}}],"line":12}},"s":{"0":2,"1":2,"2":2,"3":2},"f":{"0":2},"b":{"0":[2,0],"1":[2,1],"2":[2,0]},"meta":{"lastBranch":3,"lastFunction":1,"lastStatement":4,"seen":{"f:6:16:6:29":0,"s:7:2:7:Infinity":0,"b:8:2:8:Infinity:undefined:undefined:undefined:undefined":0,"s:8:2:8:Infinity":1,"s:8:19:8:Infinity":2,"s:10:2:13:Infinity":3,"b:10:13:10:29:10:29:10:32":1,"b:12:13:12:30:12:30:12:Infinity":2},"fnNames":{}}}
,"/home/rodrigo/development/portal-service/src/utils/logger.ts": {"path":"/home/rodrigo/development/portal-service/src/utils/logger.ts","statementMap":{"0":{"start":{"line":3,"column":6},"end":{"line":3,"column":null}}},"fnMap":{},"branchMap":{},"s":{"0":4},"f":{},"b":{},"meta":{"lastBranch":0,"lastFunction":0,"lastStatement":1,"seen":{"s:3:6:3:Infinity":0},"fnNames":{}}}
}
